<?xml version="1.0" encoding="UTF-8"?>
<!-- Generated by org.testng.reporters.JUnitReportReporter -->
<testsuite hostname="koinworks" failures="0" tests="1" name="qa.AppiumTest" time="0.002" errors="0" timestamp="2023-03-17T21:15:01 WIB" skipped="0">
  <testcase classname="qa.AppiumTest" name="Android" time="0.002"/>
  <system-out/>
</testsuite> <!-- qa.AppiumTest -->
