<?xml version="1.0" encoding="UTF-8"?>
<!-- Generated by org.testng.reporters.JUnitReportReporter -->
<testsuite hostname="koinworks" failures="0" tests="1" name="qa.AppTest" time="0.000" errors="0" timestamp="2023-03-17T21:15:02 WIB" skipped="0">
  <testcase classname="qa.AppTest" name="testApp" time="0.000"/>
  <system-out/>
</testsuite> <!-- qa.AppTest -->
