<?xml version="1.0" encoding="UTF-8"?>
<!-- Generated by org.testng.reporters.JUnitReportReporter -->
<testsuite hostname="koinworks" failures="0" tests="1" name="mycompany.qa.Android.AppiumTest" time="0.004" errors="0" timestamp="2023-03-18T08:38:41 WIB" skipped="0">
  <testcase classname="mycompany.qa.Android.AppiumTest" name="Android" time="0.004"/>
  <system-out/>
</testsuite> <!-- mycompany.qa.Android.AppiumTest -->
